<?xml version="1.0" encoding="UTF-8"?>
<testsuites name="TestSUite4" time="74.193" tests="2" failures="0" errors="0">
   <testsuite name="TestSUite4" tests="2" failures="0" errors="0" time="74.193" skipped="0" timestamp="18-05-2024T18:49:31" hostname="YG212WY - IN3156889W1.ey.net" id="Test Suites/TestSUite4">
      <properties>
         <property name="deviceName" value=""/>
         <property name="devicePlatform" value=""/>
         <property name="logFolder" value="C:\\Users\\YG212WY\\OneDrive - EY\\Documents\\KatalonLearning\\KatalonLearning\\Reports\\20240518_184918\\TestSUite4\\20240518_184918"/>
         <property name="logFiles" value="C:\\Users\\YG212WY\\OneDrive - EY\\Documents\\KatalonLearning\\KatalonLearning\\Reports\\20240518_184918\\TestSUite4\\20240518_184918\\execution0.log"/>
         <property name="attachments" value="C:\\Users\\YG212WY\\OneDrive - EY\\Documents\\KatalonLearning\\KatalonLearning\\Reports\\20240518_184918\\TestSUite4\\20240518_184918\\1716038404207.png, C:\\Users\\YG212WY\\OneDrive - EY\\Documents\\KatalonLearning\\KatalonLearning\\Reports\\20240518_184918\\TestSUite4\\20240518_184918\\1716038404916.png"/>
         <property name="hostName" value="YG212WY - IN3156889W1.ey.net"/>
         <property name="os" value="Windows 10 64bit"/>
         <property name="katalonVersion" value="9.4.0.212"/>
         <property name="browser" value="Chrome 124.0.0.0"/>
         <property name="hostAddress" value="192.168.148.180"/>
         <property name="sessionId" value="10a62e8f9cecf6b8b9bebe501b0057bc"/>
         <property name="seleniumVersion" value="3.141.59"/>
         <property name="proxyInformation" value="ProxyInformation { proxyOption=NO_PROXY, proxyServerType=HTTP, username=, password=********, proxyServerAddress=, proxyServerPort=0, executionList=&quot;&quot;, isApplyToDesiredCapabilities=true }"/>
         <property name="platform" value="Windows 10"/>
      </properties>
      <testcase name="Test Cases/cartaddremove" time="17.08" classname="Test Cases/cartaddremove" status="PASSED">
         <system-out><![CDATA[18-05-2024T18:50:05 - [TEST_CASE][PASSED] - Test Cases/cartaddremove: Test Cases/cartaddremove

18-05-2024T18:50:05 - [TEST_STEP][PASSED] - openBrowser(""): Browser is opened with url: ''

18-05-2024T18:50:05 - [MESSAGE][WARNING] - A browser is already opened. Closing browser and opening a new one

18-05-2024T18:50:06 - [MESSAGE][INFO] - Starting 'Chrome' driver

18-05-2024T18:50:06 - [MESSAGE][INFO] - Action delay is set to 0 milliseconds

18-05-2024T18:50:14 - [MESSAGE][PASSED] - Browser is opened with url: ''

18-05-2024T18:50:14 - [TEST_STEP][PASSED] - navigateToUrl("https://www.saucedemo.com/v1/index.html"): Navigate to 'https://www.saucedemo.com/v1/index.html' successfully

18-05-2024T18:50:16 - [MESSAGE][PASSED] - Navigate to 'https://www.saucedemo.com/v1/index.html' successfully

18-05-2024T18:50:16 - [TEST_STEP][PASSED] - setText(findTestObject("Object Repository/Cart/Page_Swag Labs/input_standard_userlocked_out_userproblem_u_db77ac"), "standard_user"): Text 'standard_user' is set on object 'Object Repository/Cart/Page_Swag Labs/input_standard_userlocked_out_userproblem_u_db77ac'

18-05-2024T18:50:16 - [MESSAGE][WARNING] - [SELF-HEALING] Failed to find element with id 'Object Repository/Cart/Page_Swag Labs/input_standard_userlocked_out_userproblem_u_db77ac'. Try using Self-healing.

18-05-2024T18:50:16 - [MESSAGE][WARNING] - [SELF-HEALING] The current locator of test object 'Object Repository/Cart/Page_Swag Labs/input_standard_userlocked_out_userproblem_u_db77ac' was broken. Propose an alternative one: '//input[@id='user-name']'.

18-05-2024T18:50:17 - [MESSAGE][WARNING] - [SELF-HEALING] Failed to find element with id 'Object Repository/Cart/Page_Swag Labs/input_standard_userlocked_out_userproblem_u_db77ac'. Try using Self-healing.

18-05-2024T18:50:17 - [MESSAGE][WARNING] - [SELF-HEALING] The current locator of test object 'Object Repository/Cart/Page_Swag Labs/input_standard_userlocked_out_userproblem_u_db77ac' was broken. Propose an alternative one: '//input[@id='user-name']'.

18-05-2024T18:50:17 - [MESSAGE][PASSED] - Text 'standard_user' is set on object 'Object Repository/Cart/Page_Swag Labs/input_standard_userlocked_out_userproblem_u_db77ac'

18-05-2024T18:50:17 - [TEST_STEP][PASSED] - setEncryptedText(findTestObject("Object Repository/Cart/Page_Swag Labs/input_standard_userlocked_out_userproblem_u_3423e9"), "qcu24s4901FyWDTwXGr6XA=="): Text ****** has been set on object 'Object Repository/Cart/Page_Swag Labs/input_standard_userlocked_out_userproblem_u_3423e9'

18-05-2024T18:50:17 - [MESSAGE][PASSED] - Text ****** has been set on object 'Object Repository/Cart/Page_Swag Labs/input_standard_userlocked_out_userproblem_u_3423e9'

18-05-2024T18:50:17 - [TEST_STEP][PASSED] - click(findTestObject("Object Repository/Cart/Page_Swag Labs/input_standard_userlocked_out_userproblem_u_0dff71")): Object: 'Object Repository/Cart/Page_Swag Labs/input_standard_userlocked_out_userproblem_u_0dff71' is clicked on

18-05-2024T18:50:20 - [MESSAGE][PASSED] - Object: 'Object Repository/Cart/Page_Swag Labs/input_standard_userlocked_out_userproblem_u_0dff71' is clicked on

18-05-2024T18:50:20 - [TEST_STEP][PASSED] - click(findTestObject("Object Repository/Cart/Page_Swag Labs/button_ADD TO CART")): Object: 'Object Repository/Cart/Page_Swag Labs/button_ADD TO CART' is clicked on

18-05-2024T18:50:20 - [MESSAGE][PASSED] - Object: 'Object Repository/Cart/Page_Swag Labs/button_ADD TO CART' is clicked on

18-05-2024T18:50:20 - [TEST_STEP][PASSED] - verifyElementText(findTestObject("Object Repository/Cart/Page_Swag Labs/button_REMOVE"), "REMOVE"): Actual text and expected text of test object 'Object Repository/Cart/Page_Swag Labs/button_REMOVE' are matched.

18-05-2024T18:50:20 - [MESSAGE][PASSED] - Actual text and expected text of test object 'Object Repository/Cart/Page_Swag Labs/button_REMOVE' are matched.

18-05-2024T18:50:21 - [TEST_STEP][PASSED] - click(findTestObject("Object Repository/Cart/Page_Swag Labs/button_REMOVE")): Object: 'Object Repository/Cart/Page_Swag Labs/button_REMOVE' is clicked on

18-05-2024T18:50:21 - [MESSAGE][PASSED] - Object: 'Object Repository/Cart/Page_Swag Labs/button_REMOVE' is clicked on

18-05-2024T18:50:21 - [TEST_STEP][PASSED] - verifyElementText(findTestObject("Object Repository/Cart/Page_Swag Labs/button_ADD TO CART"), "ADD TO CART"): Actual text and expected text of test object 'Object Repository/Cart/Page_Swag Labs/button_ADD TO CART' are matched.

18-05-2024T18:50:21 - [MESSAGE][PASSED] - Actual text and expected text of test object 'Object Repository/Cart/Page_Swag Labs/button_ADD TO CART' are matched.

18-05-2024T18:50:21 - [TEST_STEP][PASSED] - closeBrowser(): Browser is closed

18-05-2024T18:50:22 - [MESSAGE][PASSED] - Browser is closed]]></system-out>
         <system-err><![CDATA[]]></system-err>
      </testcase>
      <testcase name="Test Cases/CartCount" time="23.138" classname="Test Cases/CartCount" status="PASSED">
         <system-out><![CDATA[18-05-2024T18:50:22 - [TEST_CASE][PASSED] - Test Cases/CartCount: Test Cases/CartCount

18-05-2024T18:50:22 - [TEST_STEP][PASSED] - openBrowser(""): Browser is opened with url: ''

18-05-2024T18:50:22 - [MESSAGE][INFO] - Starting 'Chrome' driver

18-05-2024T18:50:22 - [MESSAGE][INFO] - Action delay is set to 0 milliseconds

18-05-2024T18:50:35 - [MESSAGE][PASSED] - Browser is opened with url: ''

18-05-2024T18:50:35 - [TEST_STEP][PASSED] - navigateToUrl("https://www.saucedemo.com/v1/index.html"): Navigate to 'https://www.saucedemo.com/v1/index.html' successfully

18-05-2024T18:50:39 - [MESSAGE][PASSED] - Navigate to 'https://www.saucedemo.com/v1/index.html' successfully

18-05-2024T18:50:39 - [TEST_STEP][PASSED] - setText(findTestObject("Object Repository/Multipleproducts/Page_Swag Labs/input_standard_userlocked_out_userproblem_u_db77ac"), "standard_user"): Text 'standard_user' is set on object 'Object Repository/Multipleproducts/Page_Swag Labs/input_standard_userlocked_out_userproblem_u_db77ac'

18-05-2024T18:50:39 - [MESSAGE][PASSED] - Text 'standard_user' is set on object 'Object Repository/Multipleproducts/Page_Swag Labs/input_standard_userlocked_out_userproblem_u_db77ac'

18-05-2024T18:50:39 - [TEST_STEP][PASSED] - setEncryptedText(findTestObject("Object Repository/Multipleproducts/Page_Swag Labs/input_standard_userlocked_out_userproblem_u_3423e9"), "qcu24s4901FyWDTwXGr6XA=="): Text ****** has been set on object 'Object Repository/Multipleproducts/Page_Swag Labs/input_standard_userlocked_out_userproblem_u_3423e9'

18-05-2024T18:50:40 - [MESSAGE][PASSED] - Text ****** has been set on object 'Object Repository/Multipleproducts/Page_Swag Labs/input_standard_userlocked_out_userproblem_u_3423e9'

18-05-2024T18:50:40 - [TEST_STEP][PASSED] - click(findTestObject("Object Repository/Multipleproducts/Page_Swag Labs/input_standard_userlocked_out_userproblem_u_0dff71")): Object: 'Object Repository/Multipleproducts/Page_Swag Labs/input_standard_userlocked_out_userproblem_u_0dff71' is clicked on

18-05-2024T18:50:44 - [MESSAGE][PASSED] - Object: 'Object Repository/Multipleproducts/Page_Swag Labs/input_standard_userlocked_out_userproblem_u_0dff71' is clicked on

18-05-2024T18:50:44 - [TEST_STEP][PASSED] - click(findTestObject("Object Repository/Multipleproducts/Page_Swag Labs/button_ADD TO CART")): Object: 'Object Repository/Multipleproducts/Page_Swag Labs/button_ADD TO CART' is clicked on

18-05-2024T18:50:44 - [MESSAGE][PASSED] - Object: 'Object Repository/Multipleproducts/Page_Swag Labs/button_ADD TO CART' is clicked on

18-05-2024T18:50:44 - [TEST_STEP][PASSED] - click(findTestObject("Object Repository/Multipleproducts/Page_Swag Labs/button_ADD TO CART")): Object: 'Object Repository/Multipleproducts/Page_Swag Labs/button_ADD TO CART' is clicked on

18-05-2024T18:50:44 - [MESSAGE][PASSED] - Object: 'Object Repository/Multipleproducts/Page_Swag Labs/button_ADD TO CART' is clicked on

18-05-2024T18:50:44 - [TEST_STEP][PASSED] - click(findTestObject("Object Repository/Multipleproducts/Page_Swag Labs/button_ADD TO CART")): Object: 'Object Repository/Multipleproducts/Page_Swag Labs/button_ADD TO CART' is clicked on

18-05-2024T18:50:44 - [MESSAGE][PASSED] - Object: 'Object Repository/Multipleproducts/Page_Swag Labs/button_ADD TO CART' is clicked on

18-05-2024T18:50:44 - [TEST_STEP][PASSED] - closeBrowser(): Browser is closed

18-05-2024T18:50:45 - [MESSAGE][PASSED] - Browser is closed]]></system-out>
         <system-err><![CDATA[]]></system-err>
      </testcase>
      <system-out><![CDATA[18-05-2024T18:49:31 - [TEST_SUITE][FAILED] - TestSUite4: Test Cases/cartaddremove FAILED.
Reason:
com.kms.katalon.core.exception.StepFailedException: Verify element text of test object 'Object Repository/Cart/Page_Swag Labs/button_ADD TO CART' FAILED.
	at com.kms.katalon.core.webui.keyword.internal.WebUIKeywordMain.stepFailed(WebUIKeywordMain.groovy:64)
	at com.kms.katalon.core.webui.keyword.internal.WebUIKeywordMain.runKeyword(WebUIKeywordMain.groovy:26)
	at com.kms.katalon.core.webui.keyword.builtin.VerifyElementTextKeyword.verifyElementText(VerifyElementTextKeyword.groovy:72)
	at com.kms.katalon.core.webui.keyword.builtin.VerifyElementTextKeyword.execute(VerifyElementTextKeyword.groovy:40)
	at com.kms.katalon.core.keyword.internal.KeywordExecutor.executeKeywordForPlatform(KeywordExecutor.groovy:74)
	at com.kms.katalon.core.webui.keyword.WebUiBuiltInKeywords.verifyElementText(WebUiBuiltInKeywords.groovy:4835)
	at cartaddremove.run(cartaddremove:38)
	at com.kms.katalon.core.main.ScriptEngine.run(ScriptEngine.java:194)
	at com.kms.katalon.core.main.ScriptEngine.runScriptAsRawText(ScriptEngine.java:119)
	at com.kms.katalon.core.main.TestCaseExecutor.runScript(TestCaseExecutor.java:448)
	at com.kms.katalon.core.main.TestCaseExecutor.doExecute(TestCaseExecutor.java:439)
	at com.kms.katalon.core.main.TestCaseExecutor.processExecutionPhase(TestCaseExecutor.java:418)
	at com.kms.katalon.core.main.TestCaseExecutor.accessMainPhase(TestCaseExecutor.java:410)
	at com.kms.katalon.core.main.TestCaseExecutor.execute(TestCaseExecutor.java:285)
	at com.kms.katalon.core.common.CommonExecutor.accessTestCaseMainPhase(CommonExecutor.java:65)
	at com.kms.katalon.core.main.TestSuiteExecutor.accessTestSuiteMainPhase(TestSuiteExecutor.java:150)
	at com.kms.katalon.core.main.TestSuiteExecutor.execute(TestSuiteExecutor.java:106)
	at com.kms.katalon.core.main.TestCaseMain.startTestSuite(TestCaseMain.java:180)
	at TempTestSuite1716038358386.run(TempTestSuite1716038358386.groovy:35)
	at java.base/jdk.internal.reflect.NativeMethodAccessorImpl.invoke0(Native Method)
	at java.base/jdk.internal.reflect.NativeMethodAccessorImpl.invoke(NativeMethodAccessorImpl.java:77)
	at java.base/jdk.internal.reflect.DelegatingMethodAccessorImpl.invoke(DelegatingMethodAccessorImpl.java:43)
Caused by: com.kms.katalon.core.exception.StepFailedException: Actual text 'REMOVE' and expected text 'ADD TO CART' of test object 'Object Repository/Cart/Page_Swag Labs/button_ADD TO CART' are NOT matched.
	at com.kms.katalon.core.webui.keyword.internal.WebUIKeywordMain.stepFailed(WebUIKeywordMain.groovy:64)
	at com.kms.katalon.core.webui.keyword.builtin.VerifyElementTextKeyword$_verifyElementText_closure1.doCall(VerifyElementTextKeyword.groovy:57)
	at com.kms.katalon.core.webui.keyword.builtin.VerifyElementTextKeyword$_verifyElementText_closure1.call(VerifyElementTextKeyword.groovy)
	at com.kms.katalon.core.webui.keyword.internal.WebUIKeywordMain.runKeyword(WebUIKeywordMain.groovy:20)
	... 20 more]]></system-out>
      <system-err><![CDATA[18-05-2024T18:49:31 - [TEST_SUITE][FAILED] - TestSUite4: Test Cases/cartaddremove FAILED.
Reason:
com.kms.katalon.core.exception.StepFailedException: Verify element text of test object 'Object Repository/Cart/Page_Swag Labs/button_ADD TO CART' FAILED.
	at com.kms.katalon.core.webui.keyword.internal.WebUIKeywordMain.stepFailed(WebUIKeywordMain.groovy:64)
	at com.kms.katalon.core.webui.keyword.internal.WebUIKeywordMain.runKeyword(WebUIKeywordMain.groovy:26)
	at com.kms.katalon.core.webui.keyword.builtin.VerifyElementTextKeyword.verifyElementText(VerifyElementTextKeyword.groovy:72)
	at com.kms.katalon.core.webui.keyword.builtin.VerifyElementTextKeyword.execute(VerifyElementTextKeyword.groovy:40)
	at com.kms.katalon.core.keyword.internal.KeywordExecutor.executeKeywordForPlatform(KeywordExecutor.groovy:74)
	at com.kms.katalon.core.webui.keyword.WebUiBuiltInKeywords.verifyElementText(WebUiBuiltInKeywords.groovy:4835)
	at cartaddremove.run(cartaddremove:38)
	at com.kms.katalon.core.main.ScriptEngine.run(ScriptEngine.java:194)
	at com.kms.katalon.core.main.ScriptEngine.runScriptAsRawText(ScriptEngine.java:119)
	at com.kms.katalon.core.main.TestCaseExecutor.runScript(TestCaseExecutor.java:448)
	at com.kms.katalon.core.main.TestCaseExecutor.doExecute(TestCaseExecutor.java:439)
	at com.kms.katalon.core.main.TestCaseExecutor.processExecutionPhase(TestCaseExecutor.java:418)
	at com.kms.katalon.core.main.TestCaseExecutor.accessMainPhase(TestCaseExecutor.java:410)
	at com.kms.katalon.core.main.TestCaseExecutor.execute(TestCaseExecutor.java:285)
	at com.kms.katalon.core.common.CommonExecutor.accessTestCaseMainPhase(CommonExecutor.java:65)
	at com.kms.katalon.core.main.TestSuiteExecutor.accessTestSuiteMainPhase(TestSuiteExecutor.java:150)
	at com.kms.katalon.core.main.TestSuiteExecutor.execute(TestSuiteExecutor.java:106)
	at com.kms.katalon.core.main.TestCaseMain.startTestSuite(TestCaseMain.java:180)
	at TempTestSuite1716038358386.run(TempTestSuite1716038358386.groovy:35)
	at java.base/jdk.internal.reflect.NativeMethodAccessorImpl.invoke0(Native Method)
	at java.base/jdk.internal.reflect.NativeMethodAccessorImpl.invoke(NativeMethodAccessorImpl.java:77)
	at java.base/jdk.internal.reflect.DelegatingMethodAccessorImpl.invoke(DelegatingMethodAccessorImpl.java:43)
Caused by: com.kms.katalon.core.exception.StepFailedException: Actual text 'REMOVE' and expected text 'ADD TO CART' of test object 'Object Repository/Cart/Page_Swag Labs/button_ADD TO CART' are NOT matched.
	at com.kms.katalon.core.webui.keyword.internal.WebUIKeywordMain.stepFailed(WebUIKeywordMain.groovy:64)
	at com.kms.katalon.core.webui.keyword.builtin.VerifyElementTextKeyword$_verifyElementText_closure1.doCall(VerifyElementTextKeyword.groovy:57)
	at com.kms.katalon.core.webui.keyword.builtin.VerifyElementTextKeyword$_verifyElementText_closure1.call(VerifyElementTextKeyword.groovy)
	at com.kms.katalon.core.webui.keyword.internal.WebUIKeywordMain.runKeyword(WebUIKeywordMain.groovy:20)
	... 20 more]]></system-err>
   </testsuite>
</testsuites>
